2018-10-18 16:22:17,726 [app] INFO [main] [com.yupaits.sys.FilterChainTest:logStarting] Starting FilterChainTest on DESKTOP-IIBMSMR with PID 10136 (started by yupaits in E:\Demo\project-seed\server)
2018-10-18 16:22:17,742 [app] INFO [main] [com.yupaits.sys.FilterChainTest:logStartupProfileInfo] The following profiles are active: dev
2018-10-18 16:22:21,364 [app] WARN [main] [com.baomidou.mybatisplus.core.toolkit.TableInfoHelper:initTableFields] Warn: Could not find @TableId in Class: com.yupaits.auth.entity.UserRole.
2018-10-18 16:22:21,458 [app] WARN [main] [com.baomidou.mybatisplus.core.toolkit.TableInfoHelper:initTableFields] Warn: Could not find @TableId in Class: com.yupaits.auth.entity.RolePrivilege.
2018-10-18 16:22:25,129 [app] INFO [main] [com.yupaits.sys.FilterChainTest:logStarted] Started FilterChainTest in 7.761 seconds (JVM running for 9.8)
2018-10-18 16:42:53,834 [app] INFO [main] [com.yupaits.sys.FilterChainTest:logStarting] Starting FilterChainTest on DESKTOP-IIBMSMR with PID 2696 (started by yupaits in E:\Demo\project-seed\server)
2018-10-18 16:42:53,865 [app] INFO [main] [com.yupaits.sys.FilterChainTest:logStartupProfileInfo] The following profiles are active: dev
2018-10-18 16:42:57,364 [app] WARN [main] [com.baomidou.mybatisplus.core.toolkit.TableInfoHelper:initTableFields] Warn: Could not find @TableId in Class: com.yupaits.auth.entity.UserRole.
2018-10-18 16:42:57,473 [app] WARN [main] [com.baomidou.mybatisplus.core.toolkit.TableInfoHelper:initTableFields] Warn: Could not find @TableId in Class: com.yupaits.auth.entity.RolePrivilege.
2018-10-18 16:43:02,064 [app] INFO [main] [com.yupaits.sys.FilterChainTest:logStarted] Started FilterChainTest in 8.597 seconds (JVM running for 10.649)
2018-10-18 16:44:11,361 [app] INFO [main] [com.yupaits.sys.FilterChainTest:logStarting] Starting FilterChainTest on DESKTOP-IIBMSMR with PID 11304 (started by yupaits in E:\Demo\project-seed\server)
2018-10-18 16:44:11,377 [app] INFO [main] [com.yupaits.sys.FilterChainTest:logStartupProfileInfo] The following profiles are active: dev
2018-10-18 16:44:15,483 [app] WARN [main] [com.baomidou.mybatisplus.core.toolkit.TableInfoHelper:initTableFields] Warn: Could not find @TableId in Class: com.yupaits.auth.entity.UserRole.
2018-10-18 16:44:15,627 [app] WARN [main] [com.baomidou.mybatisplus.core.toolkit.TableInfoHelper:initTableFields] Warn: Could not find @TableId in Class: com.yupaits.auth.entity.RolePrivilege.
2018-10-18 16:44:19,662 [app] INFO [main] [com.yupaits.sys.FilterChainTest:logStarted] Started FilterChainTest in 8.833 seconds (JVM running for 10.886)
2018-10-18 16:44:26,107 [app] INFO [main] [com.yupaits.sys.FilterChainTest:logStarting] Starting FilterChainTest on DESKTOP-IIBMSMR with PID 3500 (started by yupaits in E:\Demo\project-seed\server)
2018-10-18 16:44:26,116 [app] INFO [main] [com.yupaits.sys.FilterChainTest:logStartupProfileInfo] The following profiles are active: dev
2018-10-18 16:44:30,970 [app] WARN [main] [com.baomidou.mybatisplus.core.toolkit.TableInfoHelper:initTableFields] Warn: Could not find @TableId in Class: com.yupaits.auth.entity.UserRole.
2018-10-18 16:44:31,140 [app] WARN [main] [com.baomidou.mybatisplus.core.toolkit.TableInfoHelper:initTableFields] Warn: Could not find @TableId in Class: com.yupaits.auth.entity.RolePrivilege.
2018-10-18 16:44:36,199 [app] INFO [main] [com.yupaits.sys.FilterChainTest:logStarted] Started FilterChainTest in 10.621 seconds (JVM running for 13.648)
2018-10-18 16:46:39,143 [app] INFO [main] [com.yupaits.sys.FilterChainTest:logStarting] Starting FilterChainTest on DESKTOP-IIBMSMR with PID 11084 (started by yupaits in E:\Demo\project-seed\server)
2018-10-18 16:46:39,160 [app] INFO [main] [com.yupaits.sys.FilterChainTest:logStartupProfileInfo] The following profiles are active: dev
2018-10-18 16:46:43,392 [app] WARN [main] [com.baomidou.mybatisplus.core.toolkit.TableInfoHelper:initTableFields] Warn: Could not find @TableId in Class: com.yupaits.auth.entity.UserRole.
2018-10-18 16:46:43,528 [app] WARN [main] [com.baomidou.mybatisplus.core.toolkit.TableInfoHelper:initTableFields] Warn: Could not find @TableId in Class: com.yupaits.auth.entity.RolePrivilege.
2018-10-18 16:46:48,214 [app] INFO [main] [com.yupaits.sys.FilterChainTest:logStarted] Started FilterChainTest in 9.585 seconds (JVM running for 12.136)
2018-10-18 16:49:37,259 [app] INFO [main] [com.yupaits.sys.FilterChainTest:logStarting] Starting FilterChainTest on DESKTOP-IIBMSMR with PID 6240 (started by yupaits in E:\Demo\project-seed\server)
2018-10-18 16:49:37,268 [app] INFO [main] [com.yupaits.sys.FilterChainTest:logStartupProfileInfo] The following profiles are active: dev
2018-10-18 16:49:41,642 [app] WARN [main] [com.baomidou.mybatisplus.core.toolkit.TableInfoHelper:initTableFields] Warn: Could not find @TableId in Class: com.yupaits.auth.entity.UserRole.
2018-10-18 16:49:41,848 [app] WARN [main] [com.baomidou.mybatisplus.core.toolkit.TableInfoHelper:initTableFields] Warn: Could not find @TableId in Class: com.yupaits.auth.entity.RolePrivilege.
2018-10-18 16:49:46,956 [app] INFO [main] [com.yupaits.sys.FilterChainTest:logStarted] Started FilterChainTest in 10.125 seconds (JVM running for 12.609)
2018-10-18 16:50:25,136 [app] INFO [main] [org.springframework.boot.test.context.SpringBootTestContextBootstrapper:buildDefaultMergedContextConfiguration] Neither @ContextConfiguration nor @ContextHierarchy found for test class [com.yupaits.sys.FilterChainTest], using SpringBootContextLoader
2018-10-18 16:50:25,150 [app] INFO [main] [org.springframework.test.context.support.AbstractContextLoader:generateDefaultLocations] Could not detect default resource locations for test class [com.yupaits.sys.FilterChainTest]: no resource found for suffixes {-context.xml, Context.groovy}.
2018-10-18 16:50:25,152 [app] INFO [main] [org.springframework.test.context.support.AnnotationConfigContextLoaderUtils:detectDefaultConfigurationClasses] Could not detect default configuration classes for test class [com.yupaits.sys.FilterChainTest]: FilterChainTest does not declare any static, non-private, non-final, nested classes annotated with @Configuration.
2018-10-18 16:50:25,299 [app] INFO [main] [org.springframework.boot.test.context.SpringBootTestContextBootstrapper:getOrFindConfigurationClasses] Found @SpringBootConfiguration com.yupaits.Application for test class com.yupaits.sys.FilterChainTest
2018-10-18 16:50:25,486 [app] INFO [main] [org.springframework.boot.test.context.SpringBootTestContextBootstrapper:getDefaultTestExecutionListenerClassNames] Loaded default TestExecutionListener class names from location [META-INF/spring.factories]: [org.springframework.boot.test.mock.mockito.MockitoTestExecutionListener, org.springframework.boot.test.mock.mockito.ResetMocksTestExecutionListener, org.springframework.boot.test.autoconfigure.restdocs.RestDocsTestExecutionListener, org.springframework.boot.test.autoconfigure.web.client.MockRestServiceServerResetTestExecutionListener, org.springframework.boot.test.autoconfigure.web.servlet.MockMvcPrintOnlyOnFailureTestExecutionListener, org.springframework.boot.test.autoconfigure.web.servlet.WebDriverTestExecutionListener, org.springframework.test.context.web.ServletTestExecutionListener, org.springframework.test.context.support.DirtiesContextBeforeModesTestExecutionListener, org.springframework.test.context.support.DependencyInjectionTestExecutionListener, org.springframework.test.context.support.DirtiesContextTestExecutionListener, org.springframework.test.context.transaction.TransactionalTestExecutionListener, org.springframework.test.context.jdbc.SqlScriptsTestExecutionListener]
2018-10-18 16:50:25,512 [app] INFO [main] [org.springframework.boot.test.context.SpringBootTestContextBootstrapper:getTestExecutionListeners] Using TestExecutionListeners: [org.springframework.test.context.web.ServletTestExecutionListener@29d334c, org.springframework.test.context.support.DirtiesContextBeforeModesTestExecutionListener@100f9bbe, org.springframework.boot.test.mock.mockito.MockitoTestExecutionListener@13e9f2e2, org.springframework.boot.test.autoconfigure.SpringBootDependencyInjectionTestExecutionListener@673bb956, org.springframework.test.context.support.DirtiesContextTestExecutionListener@cd7f1ae, org.springframework.test.context.transaction.TransactionalTestExecutionListener@60e949e1, org.springframework.test.context.jdbc.SqlScriptsTestExecutionListener@3c4bc9fc, org.springframework.boot.test.mock.mockito.ResetMocksTestExecutionListener@680362a, org.springframework.boot.test.autoconfigure.restdocs.RestDocsTestExecutionListener@3569edd5, org.springframework.boot.test.autoconfigure.web.client.MockRestServiceServerResetTestExecutionListener@1f651cd8, org.springframework.boot.test.autoconfigure.web.servlet.MockMvcPrintOnlyOnFailureTestExecutionListener@7d0332e1, org.springframework.boot.test.autoconfigure.web.servlet.WebDriverTestExecutionListener@7a356a0d]
2018-10-18 16:50:26,047 [app] INFO [main] [com.yupaits.sys.FilterChainTest:logStarting] Starting FilterChainTest on DESKTOP-IIBMSMR with PID 9852 (started by yupaits in E:\Demo\project-seed\server)
2018-10-18 16:50:26,047 [app] INFO [main] [com.yupaits.sys.FilterChainTest:logStartupProfileInfo] The following profiles are active: dev
2018-10-18 16:50:26,109 [app] INFO [main] [org.springframework.web.context.support.GenericWebApplicationContext:prepareRefresh] Refreshing org.springframework.web.context.support.GenericWebApplicationContext@5177e388: startup date [Thu Oct 18 16:50:26 CST 2018]; root of context hierarchy
2018-10-18 16:50:27,661 [app] INFO [main] [org.springframework.data.repository.config.RepositoryConfigurationDelegate:multipleStoresDetected] Multiple Spring Data modules found, entering strict repository configuration mode!
2018-10-18 16:50:28,563 [app] INFO [main] [org.springframework.context.support.PostProcessorRegistrationDelegate$BeanPostProcessorChecker:postProcessAfterInitialization] Bean 'org.springframework.transaction.annotation.ProxyTransactionManagementConfiguration' of type [org.springframework.transaction.annotation.ProxyTransactionManagementConfiguration$$EnhancerBySpringCGLIB$$8b8867d3] is not eligible for getting processed by all BeanPostProcessors (for example: not eligible for auto-proxying)
2018-10-18 16:50:28,610 [app] INFO [main] [org.springframework.context.support.PostProcessorRegistrationDelegate$BeanPostProcessorChecker:postProcessAfterInitialization] Bean 'redisConfig' of type [com.yupaits.web.config.RedisConfig$$EnhancerBySpringCGLIB$$90938023] is not eligible for getting processed by all BeanPostProcessors (for example: not eligible for auto-proxying)
2018-10-18 16:50:28,632 [app] INFO [main] [org.springframework.context.support.PostProcessorRegistrationDelegate$BeanPostProcessorChecker:postProcessAfterInitialization] Bean 'org.springframework.boot.context.properties.ConversionServiceDeducer$Factory' of type [org.springframework.boot.context.properties.ConversionServiceDeducer$Factory] is not eligible for getting processed by all BeanPostProcessors (for example: not eligible for auto-proxying)
2018-10-18 16:50:28,653 [app] INFO [main] [org.springframework.context.support.PostProcessorRegistrationDelegate$BeanPostProcessorChecker:postProcessAfterInitialization] Bean 'spring.redis-org.springframework.boot.autoconfigure.data.redis.RedisProperties' of type [org.springframework.boot.autoconfigure.data.redis.RedisProperties] is not eligible for getting processed by all BeanPostProcessors (for example: not eligible for auto-proxying)
2018-10-18 16:50:28,667 [app] INFO [main] [org.springframework.context.support.PostProcessorRegistrationDelegate$BeanPostProcessorChecker:postProcessAfterInitialization] Bean 'org.springframework.boot.autoconfigure.data.redis.LettuceConnectionConfiguration' of type [org.springframework.boot.autoconfigure.data.redis.LettuceConnectionConfiguration$$EnhancerBySpringCGLIB$$a0a2261d] is not eligible for getting processed by all BeanPostProcessors (for example: not eligible for auto-proxying)
2018-10-18 16:50:28,888 [app] INFO [main] [org.springframework.context.support.PostProcessorRegistrationDelegate$BeanPostProcessorChecker:postProcessAfterInitialization] Bean 'lettuceClientResources' of type [io.lettuce.core.resource.DefaultClientResources] is not eligible for getting processed by all BeanPostProcessors (for example: not eligible for auto-proxying)
2018-10-18 16:50:29,001 [app] INFO [main] [org.springframework.context.support.PostProcessorRegistrationDelegate$BeanPostProcessorChecker:postProcessAfterInitialization] Bean 'redisConnectionFactory' of type [org.springframework.data.redis.connection.lettuce.LettuceConnectionFactory] is not eligible for getting processed by all BeanPostProcessors (for example: not eligible for auto-proxying)
2018-10-18 16:50:29,028 [app] INFO [main] [org.springframework.context.support.PostProcessorRegistrationDelegate$BeanPostProcessorChecker:postProcessAfterInitialization] Bean 'redisTemplate' of type [org.springframework.data.redis.core.RedisTemplate] is not eligible for getting processed by all BeanPostProcessors (for example: not eligible for auto-proxying)
2018-10-18 16:50:29,073 [app] INFO [main] [org.springframework.context.support.PostProcessorRegistrationDelegate$BeanPostProcessorChecker:postProcessAfterInitialization] Bean 'mybatis-plus-com.baomidou.mybatisplus.autoconfigure.MybatisPlusProperties' of type [com.baomidou.mybatisplus.autoconfigure.MybatisPlusProperties] is not eligible for getting processed by all BeanPostProcessors (for example: not eligible for auto-proxying)
2018-10-18 16:50:29,081 [app] INFO [main] [org.springframework.context.support.PostProcessorRegistrationDelegate$BeanPostProcessorChecker:postProcessAfterInitialization] Bean 'mybatisPlusConfig' of type [com.yupaits.web.config.MybatisPlusConfig$$EnhancerBySpringCGLIB$$e7f818f5] is not eligible for getting processed by all BeanPostProcessors (for example: not eligible for auto-proxying)
2018-10-18 16:50:29,110 [app] INFO [main] [org.springframework.context.support.PostProcessorRegistrationDelegate$BeanPostProcessorChecker:postProcessAfterInitialization] Bean 'paginationInterceptor' of type [com.baomidou.mybatisplus.extension.plugins.PaginationInterceptor] is not eligible for getting processed by all BeanPostProcessors (for example: not eligible for auto-proxying)
2018-10-18 16:50:29,121 [app] INFO [main] [org.springframework.context.support.PostProcessorRegistrationDelegate$BeanPostProcessorChecker:postProcessAfterInitialization] Bean 'com.baomidou.mybatisplus.autoconfigure.MybatisPlusAutoConfiguration' of type [com.baomidou.mybatisplus.autoconfigure.MybatisPlusAutoConfiguration$$EnhancerBySpringCGLIB$$c950d46d] is not eligible for getting processed by all BeanPostProcessors (for example: not eligible for auto-proxying)
2018-10-18 16:50:29,127 [app] INFO [main] [org.springframework.context.support.PostProcessorRegistrationDelegate$BeanPostProcessorChecker:postProcessAfterInitialization] Bean 'com.alibaba.druid.spring.boot.autoconfigure.DruidDataSourceAutoConfigure' of type [com.alibaba.druid.spring.boot.autoconfigure.DruidDataSourceAutoConfigure$$EnhancerBySpringCGLIB$$a5345d45] is not eligible for getting processed by all BeanPostProcessors (for example: not eligible for auto-proxying)
2018-10-18 16:50:29,130 [app] INFO [main] [com.alibaba.druid.spring.boot.autoconfigure.DruidDataSourceAutoConfigure:dataSource] Init DruidDataSource
2018-10-18 16:50:29,214 [app] INFO [main] [org.springframework.context.support.PostProcessorRegistrationDelegate$BeanPostProcessorChecker:postProcessAfterInitialization] Bean 'spring.datasource-org.springframework.boot.autoconfigure.jdbc.DataSourceProperties' of type [org.springframework.boot.autoconfigure.jdbc.DataSourceProperties] is not eligible for getting processed by all BeanPostProcessors (for example: not eligible for auto-proxying)
2018-10-18 16:50:29,225 [app] INFO [main] [org.springframework.context.support.PostProcessorRegistrationDelegate$BeanPostProcessorChecker:postProcessAfterInitialization] Bean 'com.alibaba.druid.spring.boot.autoconfigure.stat.DruidFilterConfiguration' of type [com.alibaba.druid.spring.boot.autoconfigure.stat.DruidFilterConfiguration] is not eligible for getting processed by all BeanPostProcessors (for example: not eligible for auto-proxying)
2018-10-18 16:50:29,266 [app] INFO [main] [org.springframework.context.support.PostProcessorRegistrationDelegate$BeanPostProcessorChecker:postProcessAfterInitialization] Bean 'statFilter' of type [com.alibaba.druid.filter.stat.StatFilter] is not eligible for getting processed by all BeanPostProcessors (for example: not eligible for auto-proxying)
2018-10-18 16:50:29,631 [app] INFO [main] [com.alibaba.druid.pool.DruidDataSource:init] {dataSource-1} inited
2018-10-18 16:50:29,632 [app] INFO [main] [org.springframework.context.support.PostProcessorRegistrationDelegate$BeanPostProcessorChecker:postProcessAfterInitialization] Bean 'dataSource' of type [com.alibaba.druid.spring.boot.autoconfigure.DruidDataSourceWrapper] is not eligible for getting processed by all BeanPostProcessors (for example: not eligible for auto-proxying)
2018-10-18 16:50:29,651 [app] INFO [main] [org.springframework.context.support.PostProcessorRegistrationDelegate$BeanPostProcessorChecker:postProcessAfterInitialization] Bean 'org.springframework.boot.autoconfigure.jdbc.DataSourceInitializerInvoker' of type [org.springframework.boot.autoconfigure.jdbc.DataSourceInitializerInvoker] is not eligible for getting processed by all BeanPostProcessors (for example: not eligible for auto-proxying)
2018-10-18 16:50:29,778 [app] INFO [main] [org.springframework.context.support.PostProcessorRegistrationDelegate$BeanPostProcessorChecker:postProcessAfterInitialization] Bean 'metaObjectHandlerImpl' of type [com.yupaits.web.handler.MetaObjectHandlerImpl] is not eligible for getting processed by all BeanPostProcessors (for example: not eligible for auto-proxying)
2018-10-18 16:50:29,797 [app] INFO [main] [org.springframework.context.support.PostProcessorRegistrationDelegate$BeanPostProcessorChecker:postProcessAfterInitialization] Bean 'sqlInjector' of type [com.baomidou.mybatisplus.extension.injector.LogicSqlInjector] is not eligible for getting processed by all BeanPostProcessors (for example: not eligible for auto-proxying)
2018-10-18 16:50:29,818 [app] INFO [main] [org.springframework.context.support.PostProcessorRegistrationDelegate$BeanPostProcessorChecker:postProcessAfterInitialization] Bean 'sqlSessionFactory' of type [org.apache.ibatis.session.defaults.DefaultSqlSessionFactory] is not eligible for getting processed by all BeanPostProcessors (for example: not eligible for auto-proxying)
2018-10-18 16:50:29,833 [app] INFO [main] [org.springframework.context.support.PostProcessorRegistrationDelegate$BeanPostProcessorChecker:postProcessAfterInitialization] Bean 'sqlSessionTemplate' of type [org.mybatis.spring.SqlSessionTemplate] is not eligible for getting processed by all BeanPostProcessors (for example: not eligible for auto-proxying)
2018-10-18 16:50:30,220 [app] INFO [main] [org.springframework.context.support.PostProcessorRegistrationDelegate$BeanPostProcessorChecker:postProcessAfterInitialization] Bean 'userMapper' of type [org.mybatis.spring.mapper.MapperFactoryBean] is not eligible for getting processed by all BeanPostProcessors (for example: not eligible for auto-proxying)
2018-10-18 16:50:30,225 [app] INFO [main] [org.springframework.context.support.PostProcessorRegistrationDelegate$BeanPostProcessorChecker:postProcessAfterInitialization] Bean 'userMapper' of type [com.sun.proxy.$Proxy121] is not eligible for getting processed by all BeanPostProcessors (for example: not eligible for auto-proxying)
2018-10-18 16:50:30,236 [app] WARN [main] [com.baomidou.mybatisplus.core.toolkit.TableInfoHelper:initTableFields] Warn: Could not find @TableId in Class: com.yupaits.auth.entity.UserRole.
2018-10-18 16:50:30,304 [app] INFO [main] [org.springframework.context.support.PostProcessorRegistrationDelegate$BeanPostProcessorChecker:postProcessAfterInitialization] Bean 'userRoleMapper' of type [org.mybatis.spring.mapper.MapperFactoryBean] is not eligible for getting processed by all BeanPostProcessors (for example: not eligible for auto-proxying)
2018-10-18 16:50:30,307 [app] INFO [main] [org.springframework.context.support.PostProcessorRegistrationDelegate$BeanPostProcessorChecker:postProcessAfterInitialization] Bean 'userRoleMapper' of type [com.sun.proxy.$Proxy123] is not eligible for getting processed by all BeanPostProcessors (for example: not eligible for auto-proxying)
2018-10-18 16:50:30,368 [app] INFO [main] [org.springframework.context.support.PostProcessorRegistrationDelegate$BeanPostProcessorChecker:postProcessAfterInitialization] Bean 'roleMapper' of type [org.mybatis.spring.mapper.MapperFactoryBean] is not eligible for getting processed by all BeanPostProcessors (for example: not eligible for auto-proxying)
2018-10-18 16:50:30,370 [app] INFO [main] [org.springframework.context.support.PostProcessorRegistrationDelegate$BeanPostProcessorChecker:postProcessAfterInitialization] Bean 'roleMapper' of type [com.sun.proxy.$Proxy124] is not eligible for getting processed by all BeanPostProcessors (for example: not eligible for auto-proxying)
2018-10-18 16:50:30,379 [app] WARN [main] [com.baomidou.mybatisplus.core.toolkit.TableInfoHelper:initTableFields] Warn: Could not find @TableId in Class: com.yupaits.auth.entity.RolePrivilege.
2018-10-18 16:50:30,430 [app] INFO [main] [org.springframework.context.support.PostProcessorRegistrationDelegate$BeanPostProcessorChecker:postProcessAfterInitialization] Bean 'rolePrivilegeMapper' of type [org.mybatis.spring.mapper.MapperFactoryBean] is not eligible for getting processed by all BeanPostProcessors (for example: not eligible for auto-proxying)
2018-10-18 16:50:30,432 [app] INFO [main] [org.springframework.context.support.PostProcessorRegistrationDelegate$BeanPostProcessorChecker:postProcessAfterInitialization] Bean 'rolePrivilegeMapper' of type [com.sun.proxy.$Proxy125] is not eligible for getting processed by all BeanPostProcessors (for example: not eligible for auto-proxying)
2018-10-18 16:50:30,491 [app] INFO [main] [org.springframework.context.support.PostProcessorRegistrationDelegate$BeanPostProcessorChecker:postProcessAfterInitialization] Bean 'privilegeMapper' of type [org.mybatis.spring.mapper.MapperFactoryBean] is not eligible for getting processed by all BeanPostProcessors (for example: not eligible for auto-proxying)
2018-10-18 16:50:30,494 [app] INFO [main] [org.springframework.context.support.PostProcessorRegistrationDelegate$BeanPostProcessorChecker:postProcessAfterInitialization] Bean 'privilegeMapper' of type [com.sun.proxy.$Proxy126] is not eligible for getting processed by all BeanPostProcessors (for example: not eligible for auto-proxying)
2018-10-18 16:50:30,514 [app] INFO [main] [org.springframework.context.support.PostProcessorRegistrationDelegate$BeanPostProcessorChecker:postProcessAfterInitialization] Bean 'userRealm' of type [com.yupaits.web.shiro.UserRealm] is not eligible for getting processed by all BeanPostProcessors (for example: not eligible for auto-proxying)
2018-10-18 16:50:30,581 [app] INFO [main] [org.springframework.context.support.PostProcessorRegistrationDelegate$BeanPostProcessorChecker:postProcessAfterInitialization] Bean 'filterChainMapper' of type [org.mybatis.spring.mapper.MapperFactoryBean] is not eligible for getting processed by all BeanPostProcessors (for example: not eligible for auto-proxying)
2018-10-18 16:50:30,583 [app] INFO [main] [org.springframework.context.support.PostProcessorRegistrationDelegate$BeanPostProcessorChecker:postProcessAfterInitialization] Bean 'filterChainMapper' of type [com.sun.proxy.$Proxy128] is not eligible for getting processed by all BeanPostProcessors (for example: not eligible for auto-proxying)
2018-10-18 16:50:30,584 [app] INFO [main] [org.springframework.context.support.PostProcessorRegistrationDelegate$BeanPostProcessorChecker:postProcessAfterInitialization] Bean 'filterChainServiceImpl' of type [com.yupaits.sys.service.impl.FilterChainServiceImpl] is not eligible for getting processed by all BeanPostProcessors (for example: not eligible for auto-proxying)
2018-10-18 16:50:30,624 [app] INFO [main] [org.springframework.context.support.PostProcessorRegistrationDelegate$BeanPostProcessorChecker:postProcessAfterInitialization] Bean 'shiroConfig' of type [com.yupaits.web.shiro.ShiroConfig$$EnhancerBySpringCGLIB$$6e9f20b4] is not eligible for getting processed by all BeanPostProcessors (for example: not eligible for auto-proxying)
2018-10-18 16:50:30,917 [app] INFO [main] [org.springframework.context.support.PostProcessorRegistrationDelegate$BeanPostProcessorChecker:postProcessAfterInitialization] Bean 'redisCacheManager' of type [com.yupaits.web.shiro.redis.RedisCacheManager] is not eligible for getting processed by all BeanPostProcessors (for example: not eligible for auto-proxying)
2018-10-18 16:50:30,924 [app] INFO [main] [org.springframework.context.support.PostProcessorRegistrationDelegate$BeanPostProcessorChecker:postProcessAfterInitialization] Bean 'redisSessionDAO' of type [com.yupaits.web.shiro.redis.RedisSessionDAO] is not eligible for getting processed by all BeanPostProcessors (for example: not eligible for auto-proxying)
2018-10-18 16:50:30,934 [app] INFO [main] [org.springframework.context.support.PostProcessorRegistrationDelegate$BeanPostProcessorChecker:postProcessAfterInitialization] Bean 'sessionManager' of type [org.apache.shiro.web.session.mgt.DefaultWebSessionManager] is not eligible for getting processed by all BeanPostProcessors (for example: not eligible for auto-proxying)
2018-10-18 16:50:30,947 [app] INFO [main] [org.springframework.context.support.PostProcessorRegistrationDelegate$BeanPostProcessorChecker:postProcessAfterInitialization] Bean 'securityManager' of type [org.apache.shiro.web.mgt.DefaultWebSecurityManager] is not eligible for getting processed by all BeanPostProcessors (for example: not eligible for auto-proxying)
2018-10-18 16:50:32,138 [app] INFO [main] [org.springframework.web.servlet.mvc.method.annotation.RequestMappingHandlerMapping:register] Mapped "{[/session/page],methods=[GET]}" onto public com.yupaits.commons.result.Result com.yupaits.sys.controller.SessionController.getSessionPage(int,int)
2018-10-18 16:50:32,140 [app] INFO [main] [org.springframework.web.servlet.mvc.method.annotation.RequestMappingHandlerMapping:register] Mapped "{[/session/{sessionId}],methods=[DELETE]}" onto public com.yupaits.commons.result.Result com.yupaits.sys.controller.SessionController.invalidSession(java.io.Serializable)
2018-10-18 16:50:32,143 [app] INFO [main] [org.springframework.web.servlet.mvc.method.annotation.RequestMappingHandlerMapping:register] Mapped "{[/index],methods=[GET]}" onto public java.lang.String com.yupaits.web.controller.WebController.index()
2018-10-18 16:50:32,143 [app] INFO [main] [org.springframework.web.servlet.mvc.method.annotation.RequestMappingHandlerMapping:register] Mapped "{[/404],methods=[GET]}" onto public java.lang.String com.yupaits.web.controller.WebController.page404()
2018-10-18 16:50:32,144 [app] INFO [main] [org.springframework.web.servlet.mvc.method.annotation.RequestMappingHandlerMapping:register] Mapped "{[/login],methods=[GET]}" onto public java.lang.String com.yupaits.web.controller.WebController.loginPage()
2018-10-18 16:50:32,144 [app] INFO [main] [org.springframework.web.servlet.mvc.method.annotation.RequestMappingHandlerMapping:register] Mapped "{[/403],methods=[GET]}" onto public java.lang.String com.yupaits.web.controller.WebController.page403()
2018-10-18 16:50:32,144 [app] INFO [main] [org.springframework.web.servlet.mvc.method.annotation.RequestMappingHandlerMapping:register] Mapped "{[/500],methods=[GET]}" onto public java.lang.String com.yupaits.web.controller.WebController.page500()
2018-10-18 16:50:32,147 [app] INFO [main] [org.springframework.web.servlet.mvc.method.annotation.RequestMappingHandlerMapping:register] Mapped "{[/swagger-resources/configuration/security]}" onto public org.springframework.http.ResponseEntity<springfox.documentation.swagger.web.SecurityConfiguration> springfox.documentation.swagger.web.ApiResourceController.securityConfiguration()
2018-10-18 16:50:32,149 [app] INFO [main] [org.springframework.web.servlet.mvc.method.annotation.RequestMappingHandlerMapping:register] Mapped "{[/swagger-resources]}" onto public org.springframework.http.ResponseEntity<java.util.List<springfox.documentation.swagger.web.SwaggerResource>> springfox.documentation.swagger.web.ApiResourceController.swaggerResources()
2018-10-18 16:50:32,150 [app] INFO [main] [org.springframework.web.servlet.mvc.method.annotation.RequestMappingHandlerMapping:register] Mapped "{[/swagger-resources/configuration/ui]}" onto public org.springframework.http.ResponseEntity<springfox.documentation.swagger.web.UiConfiguration> springfox.documentation.swagger.web.ApiResourceController.uiConfiguration()
2018-10-18 16:50:32,155 [app] INFO [main] [org.springframework.web.servlet.mvc.method.annotation.RequestMappingHandlerMapping:register] Mapped "{[/error]}" onto public org.springframework.http.ResponseEntity<java.util.Map<java.lang.String, java.lang.Object>> org.springframework.boot.autoconfigure.web.servlet.error.BasicErrorController.error(javax.servlet.http.HttpServletRequest)
2018-10-18 16:50:32,156 [app] INFO [main] [org.springframework.web.servlet.mvc.method.annotation.RequestMappingHandlerMapping:register] Mapped "{[/error],produces=[text/html]}" onto public org.springframework.web.servlet.ModelAndView org.springframework.boot.autoconfigure.web.servlet.error.BasicErrorController.errorHtml(javax.servlet.http.HttpServletRequest,javax.servlet.http.HttpServletResponse)
2018-10-18 16:50:32,912 [app] INFO [main] [org.springframework.boot.actuate.endpoint.web.EndpointLinksResolver:<init>] Exposing 2 endpoint(s) beneath base path '/actuator'
2018-10-18 16:50:32,930 [app] INFO [main] [org.springframework.boot.actuate.endpoint.web.servlet.WebMvcEndpointHandlerMapping:register] Mapped "{[/actuator/health],methods=[GET],produces=[application/vnd.spring-boot.actuator.v2+json || application/json]}" onto public java.lang.Object org.springframework.boot.actuate.endpoint.web.servlet.AbstractWebMvcEndpointHandlerMapping$OperationHandler.handle(javax.servlet.http.HttpServletRequest,java.util.Map<java.lang.String, java.lang.String>)
2018-10-18 16:50:32,931 [app] INFO [main] [org.springframework.boot.actuate.endpoint.web.servlet.WebMvcEndpointHandlerMapping:register] Mapped "{[/actuator/info],methods=[GET],produces=[application/vnd.spring-boot.actuator.v2+json || application/json]}" onto public java.lang.Object org.springframework.boot.actuate.endpoint.web.servlet.AbstractWebMvcEndpointHandlerMapping$OperationHandler.handle(javax.servlet.http.HttpServletRequest,java.util.Map<java.lang.String, java.lang.String>)
2018-10-18 16:50:32,932 [app] INFO [main] [org.springframework.boot.actuate.endpoint.web.servlet.WebMvcEndpointHandlerMapping:register] Mapped "{[/actuator],methods=[GET],produces=[application/vnd.spring-boot.actuator.v2+json || application/json]}" onto protected java.util.Map<java.lang.String, java.util.Map<java.lang.String, org.springframework.boot.actuate.endpoint.web.Link>> org.springframework.boot.actuate.endpoint.web.servlet.WebMvcEndpointHandlerMapping.links(javax.servlet.http.HttpServletRequest,javax.servlet.http.HttpServletResponse)
2018-10-18 16:50:33,136 [app] INFO [main] [springfox.documentation.spring.web.PropertySourcedRequestMappingHandlerMapping:initHandlerMethods] Mapped URL path [/v2/api-docs] onto method [public org.springframework.http.ResponseEntity<springfox.documentation.spring.web.json.Json> springfox.documentation.swagger2.web.Swagger2Controller.getDocumentation(java.lang.String,javax.servlet.http.HttpServletRequest)]
2018-10-18 16:50:33,468 [app] INFO [main] [org.springframework.web.servlet.handler.SimpleUrlHandlerMapping:registerHandler] Mapped URL path [/**/favicon.ico] onto handler of type [class org.springframework.web.servlet.resource.ResourceHttpRequestHandler]
2018-10-18 16:50:33,679 [app] INFO [main] [org.springframework.web.servlet.mvc.method.annotation.RequestMappingHandlerAdapter:initControllerAdviceCache] Looking for @ControllerAdvice: org.springframework.web.context.support.GenericWebApplicationContext@5177e388: startup date [Thu Oct 18 16:50:26 CST 2018]; root of context hierarchy
2018-10-18 16:50:33,984 [app] INFO [main] [org.springframework.web.servlet.handler.SimpleUrlHandlerMapping:registerHandler] Mapped URL path [/webjars/**] onto handler of type [class org.springframework.web.servlet.resource.ResourceHttpRequestHandler]
2018-10-18 16:50:33,984 [app] INFO [main] [org.springframework.web.servlet.handler.SimpleUrlHandlerMapping:registerHandler] Mapped URL path [/**] onto handler of type [class org.springframework.web.servlet.resource.ResourceHttpRequestHandler]
2018-10-18 16:50:34,156 [app] INFO [main] [org.springframework.boot.autoconfigure.web.servlet.WelcomePageHandlerMapping:<init>] Adding welcome page template: index
2018-10-18 16:50:34,722 [app] INFO [main] [org.springframework.web.servlet.view.freemarker.FreeMarkerConfigurer:postProcessTemplateLoaders] ClassTemplateLoader for Spring macros added to FreeMarker configuration
2018-10-18 16:50:34,948 [app] INFO [main] [org.springframework.context.support.DefaultLifecycleProcessor:start] Starting beans in phase 2147483647
2018-10-18 16:50:34,949 [app] INFO [main] [springfox.documentation.spring.web.plugins.DocumentationPluginsBootstrapper:start] Context refreshed
2018-10-18 16:50:34,991 [app] INFO [main] [springfox.documentation.spring.web.plugins.DocumentationPluginsBootstrapper:start] Found 2 custom documentation plugin(s)
2018-10-18 16:50:35,044 [app] INFO [main] [springfox.documentation.spring.web.scanners.ApiListingReferenceScanner:scan] Scanning for api listing references
2018-10-18 16:50:35,065 [app] INFO [main] [springfox.documentation.spring.web.scanners.ApiListingReferenceScanner:scan] Scanning for api listing references
2018-10-18 16:50:35,297 [app] INFO [main] [com.yupaits.sys.FilterChainTest:logStarted] Started FilterChainTest in 9.714 seconds (JVM running for 12.049)
2018-10-18 16:50:50,461 [app] INFO [Thread-4] [org.springframework.web.context.support.GenericWebApplicationContext:doClose] Closing org.springframework.web.context.support.GenericWebApplicationContext@5177e388: startup date [Thu Oct 18 16:50:26 CST 2018]; root of context hierarchy
2018-10-18 16:50:50,466 [app] INFO [Thread-4] [org.springframework.context.support.DefaultLifecycleProcessor:stop] Stopping beans in phase 2147483647
2018-10-18 16:50:50,479 [app] INFO [Thread-4] [com.alibaba.druid.pool.DruidDataSource:close] {dataSource-1} closed
2018-10-18 16:51:38,522 [app] INFO [main] [com.yupaits.sys.FilterChainTest:logStarting] Starting FilterChainTest on DESKTOP-IIBMSMR with PID 832 (started by yupaits in E:\Demo\project-seed\server)
2018-10-18 16:51:38,530 [app] INFO [main] [com.yupaits.sys.FilterChainTest:logStartupProfileInfo] The following profiles are active: dev
2018-10-18 16:51:41,916 [app] WARN [main] [com.baomidou.mybatisplus.core.toolkit.TableInfoHelper:initTableFields] Warn: Could not find @TableId in Class: com.yupaits.auth.entity.UserRole.
2018-10-18 16:51:42,059 [app] WARN [main] [com.baomidou.mybatisplus.core.toolkit.TableInfoHelper:initTableFields] Warn: Could not find @TableId in Class: com.yupaits.auth.entity.RolePrivilege.
2018-10-18 16:51:45,885 [app] INFO [main] [com.yupaits.sys.FilterChainTest:logStarted] Started FilterChainTest in 7.697 seconds (JVM running for 9.9)
2018-10-18 16:59:50,322 [app] INFO [main] [com.yupaits.sys.FilterChainTest:logStarting] Starting FilterChainTest on DESKTOP-IIBMSMR with PID 864 (started by yupaits in E:\Demo\project-seed\server)
2018-10-18 16:59:50,329 [app] INFO [main] [com.yupaits.sys.FilterChainTest:logStartupProfileInfo] The following profiles are active: dev
2018-10-18 16:59:53,759 [app] WARN [main] [com.baomidou.mybatisplus.core.toolkit.TableInfoHelper:initTableFields] Warn: Could not find @TableId in Class: com.yupaits.auth.entity.UserRole.
2018-10-18 16:59:53,861 [app] WARN [main] [com.baomidou.mybatisplus.core.toolkit.TableInfoHelper:initTableFields] Warn: Could not find @TableId in Class: com.yupaits.auth.entity.RolePrivilege.
2018-10-18 16:59:58,046 [app] INFO [main] [com.yupaits.sys.FilterChainTest:logStarted] Started FilterChainTest in 8.17 seconds (JVM running for 10.328)
2018-10-18 17:00:07,858 [app] INFO [main] [com.yupaits.sys.FilterChainTest:logStarting] Starting FilterChainTest on DESKTOP-IIBMSMR with PID 8980 (started by yupaits in E:\Demo\project-seed\server)
2018-10-18 17:00:07,866 [app] INFO [main] [com.yupaits.sys.FilterChainTest:logStartupProfileInfo] The following profiles are active: dev
2018-10-18 17:00:11,261 [app] WARN [main] [com.baomidou.mybatisplus.core.toolkit.TableInfoHelper:initTableFields] Warn: Could not find @TableId in Class: com.yupaits.auth.entity.UserRole.
2018-10-18 17:00:11,378 [app] WARN [main] [com.baomidou.mybatisplus.core.toolkit.TableInfoHelper:initTableFields] Warn: Could not find @TableId in Class: com.yupaits.auth.entity.RolePrivilege.
2018-10-18 17:00:15,262 [app] INFO [main] [com.yupaits.sys.FilterChainTest:logStarted] Started FilterChainTest in 7.791 seconds (JVM running for 9.797)
2018-10-18 17:01:47,595 [app] INFO [main] [com.yupaits.sys.FilterChainTest:logStarting] Starting FilterChainTest on DESKTOP-IIBMSMR with PID 7520 (started by yupaits in E:\Demo\project-seed\server)
2018-10-18 17:01:47,605 [app] INFO [main] [com.yupaits.sys.FilterChainTest:logStartupProfileInfo] The following profiles are active: dev
2018-10-18 17:01:52,485 [app] WARN [main] [com.baomidou.mybatisplus.core.toolkit.TableInfoHelper:initTableFields] Warn: Could not find @TableId in Class: com.yupaits.auth.entity.UserRole.
2018-10-18 17:01:52,621 [app] WARN [main] [com.baomidou.mybatisplus.core.toolkit.TableInfoHelper:initTableFields] Warn: Could not find @TableId in Class: com.yupaits.auth.entity.RolePrivilege.
2018-10-18 17:01:56,809 [app] INFO [main] [com.yupaits.sys.FilterChainTest:logStarted] Started FilterChainTest in 9.708 seconds (JVM running for 11.946)
2018-10-18 17:03:59,629 [app] INFO [main] [com.yupaits.sys.FilterChainTest:logStarting] Starting FilterChainTest on DESKTOP-IIBMSMR with PID 4004 (started by yupaits in E:\Demo\project-seed\server)
2018-10-18 17:03:59,641 [app] INFO [main] [com.yupaits.sys.FilterChainTest:logStartupProfileInfo] The following profiles are active: dev
2018-10-18 17:04:03,185 [app] WARN [main] [com.baomidou.mybatisplus.core.toolkit.TableInfoHelper:initTableFields] Warn: Could not find @TableId in Class: com.yupaits.auth.entity.UserRole.
2018-10-18 17:04:03,298 [app] WARN [main] [com.baomidou.mybatisplus.core.toolkit.TableInfoHelper:initTableFields] Warn: Could not find @TableId in Class: com.yupaits.auth.entity.RolePrivilege.
2018-10-18 17:04:07,741 [app] INFO [main] [com.yupaits.sys.FilterChainTest:logStarted] Started FilterChainTest in 8.433 seconds (JVM running for 10.462)
2018-10-18 17:23:17,468 [app] INFO [main] [com.yupaits.sys.FilterChainTest:logStarting] Starting FilterChainTest on DESKTOP-IIBMSMR with PID 12156 (started by yupaits in E:\Demo\project-seed\server)
2018-10-18 17:23:17,483 [app] INFO [main] [com.yupaits.sys.FilterChainTest:logStartupProfileInfo] The following profiles are active: dev
2018-10-18 17:23:20,834 [app] WARN [main] [com.baomidou.mybatisplus.core.toolkit.TableInfoHelper:initTableFields] Warn: Could not find @TableId in Class: com.yupaits.auth.entity.UserRole.
2018-10-18 17:23:20,943 [app] WARN [main] [com.baomidou.mybatisplus.core.toolkit.TableInfoHelper:initTableFields] Warn: Could not find @TableId in Class: com.yupaits.auth.entity.RolePrivilege.
2018-10-18 17:23:24,900 [app] INFO [main] [com.yupaits.sys.FilterChainTest:logStarted] Started FilterChainTest in 7.755 seconds (JVM running for 9.849)
2018-10-18 17:24:39,350 [app] INFO [main] [com.yupaits.sys.FilterChainTest:logStarting] Starting FilterChainTest on DESKTOP-IIBMSMR with PID 6040 (started by yupaits in E:\Demo\project-seed\server)
2018-10-18 17:24:39,350 [app] INFO [main] [com.yupaits.sys.FilterChainTest:logStartupProfileInfo] The following profiles are active: dev
2018-10-18 17:24:42,855 [app] WARN [main] [com.baomidou.mybatisplus.core.toolkit.TableInfoHelper:initTableFields] Warn: Could not find @TableId in Class: com.yupaits.auth.entity.UserRole.
2018-10-18 17:24:42,965 [app] WARN [main] [com.baomidou.mybatisplus.core.toolkit.TableInfoHelper:initTableFields] Warn: Could not find @TableId in Class: com.yupaits.auth.entity.RolePrivilege.
2018-10-18 17:24:47,722 [app] INFO [main] [com.yupaits.sys.FilterChainTest:logStarted] Started FilterChainTest in 8.731 seconds (JVM running for 10.637)
2018-10-18 17:25:59,232 [app] INFO [main] [com.yupaits.sys.FilterChainTest:logStarting] Starting FilterChainTest on DESKTOP-IIBMSMR with PID 5824 (started by yupaits in E:\Demo\project-seed\server)
2018-10-18 17:25:59,248 [app] INFO [main] [com.yupaits.sys.FilterChainTest:logStartupProfileInfo] The following profiles are active: dev
2018-10-18 17:26:03,231 [app] WARN [main] [com.baomidou.mybatisplus.core.toolkit.TableInfoHelper:initTableFields] Warn: Could not find @TableId in Class: com.yupaits.auth.entity.UserRole.
2018-10-18 17:26:03,356 [app] WARN [main] [com.baomidou.mybatisplus.core.toolkit.TableInfoHelper:initTableFields] Warn: Could not find @TableId in Class: com.yupaits.auth.entity.RolePrivilege.
2018-10-18 17:26:07,456 [app] INFO [main] [com.yupaits.sys.FilterChainTest:logStarted] Started FilterChainTest in 8.807 seconds (JVM running for 11.11)
2018-10-18 17:28:23,723 [app] INFO [main] [com.yupaits.sys.FilterChainTest:logStarting] Starting FilterChainTest on DESKTOP-IIBMSMR with PID 4320 (started by yupaits in E:\Demo\project-seed\server)
2018-10-18 17:28:23,723 [app] INFO [main] [com.yupaits.sys.FilterChainTest:logStartupProfileInfo] The following profiles are active: dev
2018-10-18 17:28:27,051 [app] WARN [main] [com.baomidou.mybatisplus.core.toolkit.TableInfoHelper:initTableFields] Warn: Could not find @TableId in Class: com.yupaits.auth.entity.UserRole.
2018-10-18 17:28:27,160 [app] WARN [main] [com.baomidou.mybatisplus.core.toolkit.TableInfoHelper:initTableFields] Warn: Could not find @TableId in Class: com.yupaits.auth.entity.RolePrivilege.
2018-10-18 17:28:30,746 [app] INFO [main] [com.yupaits.sys.FilterChainTest:logStarted] Started FilterChainTest in 7.398 seconds (JVM running for 9.476)
2018-10-18 17:30:13,612 [app] INFO [main] [com.yupaits.sys.FilterChainTest:logStarting] Starting FilterChainTest on DESKTOP-IIBMSMR with PID 10688 (started by yupaits in E:\Demo\project-seed\server)
2018-10-18 17:30:13,612 [app] INFO [main] [com.yupaits.sys.FilterChainTest:logStartupProfileInfo] The following profiles are active: dev
2018-10-18 17:30:16,768 [app] WARN [main] [com.baomidou.mybatisplus.core.toolkit.TableInfoHelper:initTableFields] Warn: Could not find @TableId in Class: com.yupaits.auth.entity.UserRole.
2018-10-18 17:30:16,877 [app] WARN [main] [com.baomidou.mybatisplus.core.toolkit.TableInfoHelper:initTableFields] Warn: Could not find @TableId in Class: com.yupaits.auth.entity.RolePrivilege.
2018-10-18 17:30:20,441 [app] INFO [main] [com.yupaits.sys.FilterChainTest:logStarted] Started FilterChainTest in 7.172 seconds (JVM running for 9.291)
2018-10-18 17:30:24,632 [app] INFO [main] [com.yupaits.sys.FilterChainTest:logStarting] Starting FilterChainTest on DESKTOP-IIBMSMR with PID 324 (started by yupaits in E:\Demo\project-seed\server)
2018-10-18 17:30:24,647 [app] INFO [main] [com.yupaits.sys.FilterChainTest:logStartupProfileInfo] The following profiles are active: dev
2018-10-18 17:30:27,803 [app] WARN [main] [com.baomidou.mybatisplus.core.toolkit.TableInfoHelper:initTableFields] Warn: Could not find @TableId in Class: com.yupaits.auth.entity.UserRole.
2018-10-18 17:30:27,912 [app] WARN [main] [com.baomidou.mybatisplus.core.toolkit.TableInfoHelper:initTableFields] Warn: Could not find @TableId in Class: com.yupaits.auth.entity.RolePrivilege.
2018-10-18 17:30:31,567 [app] INFO [main] [com.yupaits.sys.FilterChainTest:logStarted] Started FilterChainTest in 7.295 seconds (JVM running for 9.308)
2018-10-18 17:30:37,442 [app] INFO [main] [com.yupaits.sys.FilterChainTest:logStarting] Starting FilterChainTest on DESKTOP-IIBMSMR with PID 736 (started by yupaits in E:\Demo\project-seed\server)
2018-10-18 17:30:37,442 [app] INFO [main] [com.yupaits.sys.FilterChainTest:logStartupProfileInfo] The following profiles are active: dev
2018-10-18 17:30:40,863 [app] WARN [main] [com.baomidou.mybatisplus.core.toolkit.TableInfoHelper:initTableFields] Warn: Could not find @TableId in Class: com.yupaits.auth.entity.UserRole.
2018-10-18 17:30:41,051 [app] WARN [main] [com.baomidou.mybatisplus.core.toolkit.TableInfoHelper:initTableFields] Warn: Could not find @TableId in Class: com.yupaits.auth.entity.RolePrivilege.
2018-10-18 17:30:45,232 [app] INFO [main] [com.yupaits.sys.FilterChainTest:logStarted] Started FilterChainTest in 8.258 seconds (JVM running for 10.279)
2018-10-18 17:32:01,798 [app] INFO [main] [com.yupaits.sys.FilterChainTest:logStarting] Starting FilterChainTest on DESKTOP-IIBMSMR with PID 9412 (started by yupaits in E:\Demo\project-seed\server)
2018-10-18 17:32:01,814 [app] INFO [main] [com.yupaits.sys.FilterChainTest:logStartupProfileInfo] The following profiles are active: dev
2018-10-18 17:32:05,079 [app] WARN [main] [com.baomidou.mybatisplus.core.toolkit.TableInfoHelper:initTableFields] Warn: Could not find @TableId in Class: com.yupaits.auth.entity.UserRole.
2018-10-18 17:32:05,172 [app] WARN [main] [com.baomidou.mybatisplus.core.toolkit.TableInfoHelper:initTableFields] Warn: Could not find @TableId in Class: com.yupaits.auth.entity.RolePrivilege.
2018-10-18 17:32:08,989 [app] INFO [main] [com.yupaits.sys.FilterChainTest:logStarted] Started FilterChainTest in 7.613 seconds (JVM running for 9.897)
2018-10-18 17:32:09,098 [app] WARN [main] [com.baomidou.mybatisplus.core.toolkit.TableInfoHelper:getTableInfo] java.lang.LongNot Found TableInfoCache.
2018-10-18 17:33:23,727 [app] INFO [main] [com.yupaits.sys.FilterChainTest:logStarting] Starting FilterChainTest on DESKTOP-IIBMSMR with PID 3500 (started by yupaits in E:\Demo\project-seed\server)
2018-10-18 17:33:23,727 [app] INFO [main] [com.yupaits.sys.FilterChainTest:logStartupProfileInfo] The following profiles are active: dev
2018-10-18 17:33:26,968 [app] WARN [main] [com.baomidou.mybatisplus.core.toolkit.TableInfoHelper:initTableFields] Warn: Could not find @TableId in Class: com.yupaits.auth.entity.UserRole.
2018-10-18 17:33:27,093 [app] WARN [main] [com.baomidou.mybatisplus.core.toolkit.TableInfoHelper:initTableFields] Warn: Could not find @TableId in Class: com.yupaits.auth.entity.RolePrivilege.
2018-10-18 17:33:31,029 [app] INFO [main] [com.yupaits.sys.FilterChainTest:logStarted] Started FilterChainTest in 7.599 seconds (JVM running for 9.613)
2018-10-18 17:35:38,218 [app] INFO [main] [com.yupaits.sys.FilterChainTest:logStarting] Starting FilterChainTest on DESKTOP-IIBMSMR with PID 10136 (started by yupaits in E:\Demo\project-seed\server)
2018-10-18 17:35:38,218 [app] INFO [main] [com.yupaits.sys.FilterChainTest:logStartupProfileInfo] The following profiles are active: dev
2018-10-18 17:35:41,405 [app] WARN [main] [com.baomidou.mybatisplus.core.toolkit.TableInfoHelper:initTableFields] Warn: Could not find @TableId in Class: com.yupaits.auth.entity.UserRole.
2018-10-18 17:35:41,534 [app] WARN [main] [com.baomidou.mybatisplus.core.toolkit.TableInfoHelper:initTableFields] Warn: Could not find @TableId in Class: com.yupaits.auth.entity.RolePrivilege.
2018-10-18 17:35:45,600 [app] INFO [main] [com.yupaits.sys.FilterChainTest:logStarted] Started FilterChainTest in 7.788 seconds (JVM running for 9.786)
2018-10-18 17:37:49,596 [app] INFO [main] [com.yupaits.sys.FilterChainTest:logStarting] Starting FilterChainTest on DESKTOP-IIBMSMR with PID 12244 (started by yupaits in E:\Demo\project-seed\server)
2018-10-18 17:37:49,612 [app] INFO [main] [com.yupaits.sys.FilterChainTest:logStartupProfileInfo] The following profiles are active: dev
2018-10-18 17:37:52,658 [app] WARN [main] [com.baomidou.mybatisplus.core.toolkit.TableInfoHelper:initTableFields] Warn: Could not find @TableId in Class: com.yupaits.auth.entity.UserRole.
2018-10-18 17:37:52,767 [app] WARN [main] [com.baomidou.mybatisplus.core.toolkit.TableInfoHelper:initTableFields] Warn: Could not find @TableId in Class: com.yupaits.auth.entity.RolePrivilege.
2018-10-18 17:37:56,713 [app] INFO [main] [com.yupaits.sys.FilterChainTest:logStarted] Started FilterChainTest in 7.507 seconds (JVM running for 9.389)
2018-10-18 17:38:54,946 [app] INFO [main] [com.yupaits.sys.FilterChainTest:logStarting] Starting FilterChainTest on DESKTOP-IIBMSMR with PID 11372 (started by yupaits in E:\Demo\project-seed\server)
2018-10-18 17:38:54,962 [app] INFO [main] [com.yupaits.sys.FilterChainTest:logStartupProfileInfo] The following profiles are active: dev
2018-10-18 17:38:58,393 [app] WARN [main] [com.baomidou.mybatisplus.core.toolkit.TableInfoHelper:initTableFields] Warn: Could not find @TableId in Class: com.yupaits.auth.entity.UserRole.
2018-10-18 17:38:58,502 [app] WARN [main] [com.baomidou.mybatisplus.core.toolkit.TableInfoHelper:initTableFields] Warn: Could not find @TableId in Class: com.yupaits.auth.entity.RolePrivilege.
2018-10-18 17:39:02,141 [app] INFO [main] [com.yupaits.sys.FilterChainTest:logStarted] Started FilterChainTest in 7.57 seconds (JVM running for 9.609)
2018-10-18 17:39:02,347 [app] WARN [main] [com.baomidou.mybatisplus.core.toolkit.TableInfoHelper:getTableInfo] java.lang.LongNot Found TableInfoCache.
2018-10-18 17:39:51,189 [app] INFO [main] [com.yupaits.sys.FilterChainTest:logStarting] Starting FilterChainTest on DESKTOP-IIBMSMR with PID 3116 (started by yupaits in E:\Demo\project-seed\server)
2018-10-18 17:39:51,204 [app] INFO [main] [com.yupaits.sys.FilterChainTest:logStartupProfileInfo] The following profiles are active: dev
2018-10-18 17:39:54,547 [app] WARN [main] [com.baomidou.mybatisplus.core.toolkit.TableInfoHelper:initTableFields] Warn: Could not find @TableId in Class: com.yupaits.auth.entity.UserRole.
2018-10-18 17:39:54,662 [app] WARN [main] [com.baomidou.mybatisplus.core.toolkit.TableInfoHelper:initTableFields] Warn: Could not find @TableId in Class: com.yupaits.auth.entity.RolePrivilege.
2018-10-18 17:39:58,402 [app] INFO [main] [com.yupaits.sys.FilterChainTest:logStarted] Started FilterChainTest in 7.572 seconds (JVM running for 9.558)
2018-10-18 17:40:08,102 [app] INFO [main] [com.yupaits.sys.FilterChainTest:logStarting] Starting FilterChainTest on DESKTOP-IIBMSMR with PID 9000 (started by yupaits in E:\Demo\project-seed\server)
2018-10-18 17:40:08,112 [app] INFO [main] [com.yupaits.sys.FilterChainTest:logStartupProfileInfo] The following profiles are active: dev
2018-10-18 17:40:11,657 [app] WARN [main] [com.baomidou.mybatisplus.core.toolkit.TableInfoHelper:initTableFields] Warn: Could not find @TableId in Class: com.yupaits.auth.entity.UserRole.
2018-10-18 17:40:11,750 [app] WARN [main] [com.baomidou.mybatisplus.core.toolkit.TableInfoHelper:initTableFields] Warn: Could not find @TableId in Class: com.yupaits.auth.entity.RolePrivilege.
2018-10-18 17:40:15,437 [app] INFO [main] [com.yupaits.sys.FilterChainTest:logStarted] Started FilterChainTest in 7.719 seconds (JVM running for 9.704)
2018-10-18 17:40:15,546 [app] WARN [main] [com.baomidou.mybatisplus.core.toolkit.TableInfoHelper:getTableInfo] java.lang.LongNot Found TableInfoCache.
